Determining if the pthread_create exist failed with the following output:
Change Dir: /home/mddarr/cmake/server_build/test/gtest/src/gtest-build/CMakeFiles/CMakeTmp

Run Build Command:/usr/bin/gmake "cmTryCompileExec1057499596/fast"
gmake[3]: Entering directory `/home/mddarr/cmake/server_build/test/gtest/src/gtest-build/CMakeFiles/CMakeTmp'
/usr/bin/gmake -f CMakeFiles/cmTryCompileExec1057499596.dir/build.make CMakeFiles/cmTryCompileExec1057499596.dir/build
gmake[4]: Entering directory `/home/mddarr/cmake/server_build/test/gtest/src/gtest-build/CMakeFiles/CMakeTmp'
/usr/bin/cmake -E cmake_progress_report /home/mddarr/cmake/server_build/test/gtest/src/gtest-build/CMakeFiles/CMakeTmp/CMakeFiles 1
Building C object CMakeFiles/cmTryCompileExec1057499596.dir/CheckSymbolExists.c.o
/usr/bin/cc    -o CMakeFiles/cmTryCompileExec1057499596.dir/CheckSymbolExists.c.o   -c /home/mddarr/cmake/server_build/test/gtest/src/gtest-build/CMakeFiles/CMakeTmp/CheckSymbolExists.c
Linking C executable cmTryCompileExec1057499596
/usr/bin/cmake -E cmake_link_script CMakeFiles/cmTryCompileExec1057499596.dir/link.txt --verbose=1
/usr/bin/cc       CMakeFiles/cmTryCompileExec1057499596.dir/CheckSymbolExists.c.o  -o cmTryCompileExec1057499596 -rdynamic 
CMakeFiles/cmTryCompileExec1057499596.dir/CheckSymbolExists.c.o: In function `main':
CheckSymbolExists.c:(.text+0x16): undefined reference to `pthread_create'
collect2: error: ld returned 1 exit status
gmake[4]: *** [cmTryCompileExec1057499596] Error 1
gmake[4]: Leaving directory `/home/mddarr/cmake/server_build/test/gtest/src/gtest-build/CMakeFiles/CMakeTmp'
gmake[3]: *** [cmTryCompileExec1057499596/fast] Error 2
gmake[3]: Leaving directory `/home/mddarr/cmake/server_build/test/gtest/src/gtest-build/CMakeFiles/CMakeTmp'

File /home/mddarr/cmake/server_build/test/gtest/src/gtest-build/CMakeFiles/CMakeTmp/CheckSymbolExists.c:
/* */
#include <pthread.h>

int main(int argc, char** argv)
{
  (void)argv;
#ifndef pthread_create
  return ((int*)(&pthread_create))[argc];
#else
  (void)argc;
  return 0;
#endif
}

Determining if the function pthread_create exists in the pthreads failed with the following output:
Change Dir: /home/mddarr/cmake/server_build/test/gtest/src/gtest-build/CMakeFiles/CMakeTmp

Run Build Command:/usr/bin/gmake "cmTryCompileExec4045114662/fast"
gmake[3]: Entering directory `/home/mddarr/cmake/server_build/test/gtest/src/gtest-build/CMakeFiles/CMakeTmp'
/usr/bin/gmake -f CMakeFiles/cmTryCompileExec4045114662.dir/build.make CMakeFiles/cmTryCompileExec4045114662.dir/build
gmake[4]: Entering directory `/home/mddarr/cmake/server_build/test/gtest/src/gtest-build/CMakeFiles/CMakeTmp'
/usr/bin/cmake -E cmake_progress_report /home/mddarr/cmake/server_build/test/gtest/src/gtest-build/CMakeFiles/CMakeTmp/CMakeFiles 1
Building C object CMakeFiles/cmTryCompileExec4045114662.dir/CheckFunctionExists.c.o
/usr/bin/cc   -DCHECK_FUNCTION_EXISTS=pthread_create   -o CMakeFiles/cmTryCompileExec4045114662.dir/CheckFunctionExists.c.o   -c /usr/share/cmake-2.8/Modules/CheckFunctionExists.c
Linking C executable cmTryCompileExec4045114662
/usr/bin/cmake -E cmake_link_script CMakeFiles/cmTryCompileExec4045114662.dir/link.txt --verbose=1
/usr/bin/cc   -DCHECK_FUNCTION_EXISTS=pthread_create    CMakeFiles/cmTryCompileExec4045114662.dir/CheckFunctionExists.c.o  -o cmTryCompileExec4045114662 -rdynamic -lpthreads 
/usr/bin/ld: cannot find -lpthreads
collect2: error: ld returned 1 exit status
gmake[4]: *** [cmTryCompileExec4045114662] Error 1
gmake[4]: Leaving directory `/home/mddarr/cmake/server_build/test/gtest/src/gtest-build/CMakeFiles/CMakeTmp'
gmake[3]: *** [cmTryCompileExec4045114662/fast] Error 2
gmake[3]: Leaving directory `/home/mddarr/cmake/server_build/test/gtest/src/gtest-build/CMakeFiles/CMakeTmp'


